<?xml version="1.0" encoding="UTF-8"?>
<!-- Generated by org.testng.reporters.JUnitReportReporter -->
<testsuite hostname="Shadow" failures="0" tests="2" name="testcases.TravelInsuranceDetailsTest" time="15.859" errors="0" timestamp="2021-07-02T21:01:26 IST" skipped="0">
  <testcase classname="testcases.TravelInsuranceDetailsTest" name="homePageTitle" time="1.877"/>
  <system-out/>
  <testcase classname="testcases.TravelInsuranceDetailsTest" name="getStudentTravelInsurance" time="13.982"/>
  <system-out/>
</testsuite> <!-- testcases.TravelInsuranceDetailsTest -->
