<?xml version="1.0" encoding="UTF-8"?>
<!-- Generated by org.testng.reporters.JUnitReportReporter -->
<testsuite hostname="Shadow" failures="0" tests="1" name="testcases.HealthInsuranceMenuItemsTest" time="2.126" errors="0" timestamp="2021-07-02T15:04:27 IST" skipped="0">
  <testcase classname="testcases.HealthInsuranceMenuItemsTest" name="listValuesTest" time="2.126"/>
  <system-out/>
</testsuite> <!-- testcases.HealthInsuranceMenuItemsTest -->
