<?xml version="1.0" encoding="UTF-8"?>
<!-- Generated by org.testng.reporters.JUnitReportReporter -->
<testsuite hostname="Shadow" failures="0" tests="2" name="testcases.TravelInsuranceDetailsTest" time="15.589" errors="0" timestamp="2021-07-02T15:04:27 IST" skipped="0">
  <testcase classname="testcases.TravelInsuranceDetailsTest" name="homePageTitle" time="2.921"/>
  <system-out/>
  <testcase classname="testcases.TravelInsuranceDetailsTest" name="getStudentTravelInsurance" time="12.668"/>
  <system-out/>
</testsuite> <!-- testcases.TravelInsuranceDetailsTest -->
