<?xml version="1.0" encoding="UTF-8"?>
<!-- Generated by org.testng.reporters.JUnitReportReporter -->
<testsuite hostname="Shadow" failures="0" tests="11" name="testcases.CarInsuranceErrorMessageTest" time="13.314" errors="0" timestamp="2021-07-02T15:04:27 IST" skipped="0">
  <testcase classname="testcases.CarInsuranceErrorMessageTest" name="clickCarInsuranceTest" time="1.305"/>
  <system-out/>
  <testcase classname="testcases.CarInsuranceErrorMessageTest" name="clickProceedButtonTest" time="1.020"/>
  <system-out/>
  <testcase classname="testcases.CarInsuranceErrorMessageTest" name="selectCityTest" time="0.531"/>
  <system-out/>
  <testcase classname="testcases.CarInsuranceErrorMessageTest" name="selectCarBrandTest" time="0.558"/>
  <system-out/>
  <testcase classname="testcases.CarInsuranceErrorMessageTest" name="selectCarModelTest" time="0.396"/>
  <system-out/>
  <testcase classname="testcases.CarInsuranceErrorMessageTest" name="chooseFuelTypeTest" time="0.447"/>
  <system-out/>
  <testcase classname="testcases.CarInsuranceErrorMessageTest" name="selectCarVariantTest" time="0.433"/>
  <system-out/>
  <testcase classname="testcases.CarInsuranceErrorMessageTest" name="selectYearTest" time="0.288"/>
  <system-out/>
  <testcase classname="testcases.CarInsuranceErrorMessageTest" name="fillDetailsTest" time="1.155"/>
  <system-out/>
  <testcase classname="testcases.CarInsuranceErrorMessageTest" name="takeScreenshotTest" time="1.622"/>
  <system-out/>
  <testcase classname="testcases.CarInsuranceErrorMessageTest" name="nullvalue" time="5.559"/>
  <system-out/>
</testsuite> <!-- testcases.CarInsuranceErrorMessageTest -->
